{"C:\\Users\\nixon\\Documents\\papeleria-nodejs\\src\\app.ts": {"path":"C:\\Users\\nixon\\Documents\\papeleria-nodejs\\src\\app.ts","statementMap":{"0":{"start":{"line":20,"column":19},"end":{"line":20,"column":27}},"1":{"start":{"line":23,"column":0},"end":{"line":23,"column":null}},"2":{"start":{"line":24,"column":0},"end":{"line":24,"column":null}},"3":{"start":{"line":25,"column":0},"end":{"line":25,"column":null}},"4":{"start":{"line":27,"column":0},"end":{"line":27,"column":null}},"5":{"start":{"line":28,"column":0},"end":{"line":28,"column":null}},"6":{"start":{"line":29,"column":0},"end":{"line":29,"column":null}},"7":{"start":{"line":30,"column":0},"end":{"line":30,"column":null}},"8":{"start":{"line":33,"column":0},"end":{"line":35,"column":null}},"9":{"start":{"line":34,"column":2},"end":{"line":34,"column":null}},"10":{"start":{"line":38,"column":0},"end":{"line":38,"column":null}},"11":{"start":{"line":39,"column":0},"end":{"line":39,"column":null}},"12":{"start":{"line":40,"column":0},"end":{"line":40,"column":null}},"13":{"start":{"line":43,"column":0},"end":{"line":43,"column":null}},"14":{"start":{"line":46,"column":0},"end":{"line":46,"column":null}}},"fnMap":{"0":{"name":"(anonymous_0)","decl":{"start":{"line":33,"column":8},"end":{"line":33,"column":14}},"loc":{"start":{"line":33,"column":47},"end":{"line":35,"column":1}},"line":33}},"branchMap":{},"s":{"0":2,"1":2,"2":2,"3":2,"4":2,"5":2,"6":2,"7":2,"8":2,"9":0,"10":2,"11":2,"12":2,"13":2,"14":2},"f":{"0":0},"b":{},"meta":{"lastBranch":0,"lastFunction":1,"lastStatement":15,"seen":{"s:20:19:20:27":0,"s:23:0:23:Infinity":1,"s:24:0:24:Infinity":2,"s:25:0:25:Infinity":3,"s:27:0:27:Infinity":4,"s:28:0:28:Infinity":5,"s:29:0:29:Infinity":6,"s:30:0:30:Infinity":7,"s:33:0:35:Infinity":8,"f:33:8:33:14":0,"s:34:2:34:Infinity":9,"s:38:0:38:Infinity":10,"s:39:0:39:Infinity":11,"s:40:0:40:Infinity":12,"s:43:0:43:Infinity":13,"s:46:0:46:Infinity":14},"fnNames":{}}}
,"C:\\Users\\nixon\\Documents\\papeleria-nodejs\\src\\config\\logger.ts": {"path":"C:\\Users\\nixon\\Documents\\papeleria-nodejs\\src\\config\\logger.ts","statementMap":{"0":{"start":{"line":4,"column":6},"end":{"line":4,"column":null}},"1":{"start":{"line":6,"column":22},"end":{"line":19,"column":null}},"2":{"start":{"line":13,"column":57},"end":{"line":13,"column":94}},"3":{"start":{"line":22,"column":28},"end":{"line":24,"column":null}},"4":{"start":{"line":23,"column":30},"end":{"line":23,"column":null}}},"fnMap":{"0":{"name":"(anonymous_0)","decl":{"start":{"line":13,"column":15},"end":{"line":13,"column":23}},"loc":{"start":{"line":13,"column":57},"end":{"line":13,"column":94}},"line":13},"1":{"name":"(anonymous_1)","decl":{"start":{"line":23,"column":2},"end":{"line":23,"column":10}},"loc":{"start":{"line":23,"column":30},"end":{"line":23,"column":null}},"line":23}},"branchMap":{"0":{"loc":{"start":{"line":7,"column":9},"end":{"line":7,"column":null}},"type":"cond-expr","locations":[{"start":{"line":7,"column":24},"end":{"line":7,"column":33}},{"start":{"line":7,"column":33},"end":{"line":7,"column":null}}],"line":7},"1":{"loc":{"start":{"line":8,"column":10},"end":{"line":14,"column":null}},"type":"cond-expr","locations":[{"start":{"line":9,"column":6},"end":{"line":9,"column":null}},{"start":{"line":10,"column":6},"end":{"line":14,"column":null}}],"line":8},"2":{"loc":{"start":{"line":17,"column":8},"end":{"line":17,"column":null}},"type":"cond-expr","locations":[{"start":{"line":17,"column":23},"end":{"line":17,"column":95}},{"start":{"line":17,"column":95},"end":{"line":17,"column":null}}],"line":17}},"s":{"0":2,"1":2,"2":4,"3":2,"4":4},"f":{"0":4,"1":4},"b":{"0":[0,2],"1":[0,2],"2":[0,2]},"meta":{"lastBranch":3,"lastFunction":2,"lastStatement":5,"seen":{"s:4:6:4:Infinity":0,"s:6:22:19:Infinity":1,"b:7:24:7:33:7:33:7:Infinity":0,"b:9:6:9:Infinity:10:6:14:Infinity":1,"f:13:15:13:23":0,"s:13:57:13:94":2,"b:17:23:17:95:17:95:17:Infinity":2,"s:22:28:24:Infinity":3,"f:23:2:23:10":1,"s:23:30:23:Infinity":4},"fnNames":{}}}
,"C:\\Users\\nixon\\Documents\\papeleria-nodejs\\src\\config\\security.ts": {"path":"C:\\Users\\nixon\\Documents\\papeleria-nodejs\\src\\config\\security.ts","statementMap":{"0":{"start":{"line":6,"column":18},"end":{"line":10,"column":null}},"1":{"start":{"line":12,"column":45},"end":{"line":24,"column":null}},"2":{"start":{"line":15,"column":4},"end":{"line":19,"column":null}},"3":{"start":{"line":16,"column":6},"end":{"line":16,"column":null}},"4":{"start":{"line":18,"column":6},"end":{"line":18,"column":null}},"5":{"start":{"line":27,"column":33},"end":{"line":36,"column":null}},"6":{"start":{"line":39,"column":31},"end":{"line":48,"column":null}},"7":{"start":{"line":51,"column":28},"end":{"line":51,"column":35}}},"fnMap":{"0":{"name":"(anonymous_0)","decl":{"start":{"line":13,"column":2},"end":{"line":13,"column":11}},"loc":{"start":{"line":13,"column":32},"end":{"line":20,"column":null}},"line":13}},"branchMap":{"0":{"loc":{"start":{"line":9,"column":2},"end":{"line":9,"column":null}},"type":"binary-expr","locations":[{"start":{"line":9,"column":2},"end":{"line":9,"column":28}},{"start":{"line":9,"column":28},"end":{"line":9,"column":null}}],"line":9},"1":{"loc":{"start":{"line":15,"column":4},"end":{"line":19,"column":null}},"type":"if","locations":[{"start":{"line":15,"column":4},"end":{"line":19,"column":null}},{"start":{"line":17,"column":11},"end":{"line":19,"column":null}}],"line":15},"2":{"loc":{"start":{"line":15,"column":8},"end":{"line":15,"column":47}},"type":"binary-expr","locations":[{"start":{"line":15,"column":8},"end":{"line":15,"column":19}},{"start":{"line":15,"column":19},"end":{"line":15,"column":47}}],"line":15}},"s":{"0":2,"1":2,"2":4,"3":4,"4":0,"5":2,"6":2,"7":2},"f":{"0":4},"b":{"0":[2,2],"1":[4,0],"2":[4,0]},"meta":{"lastBranch":3,"lastFunction":1,"lastStatement":8,"seen":{"s:6:18:10:Infinity":0,"b:9:2:9:28:9:28:9:Infinity":0,"s:12:45:24:Infinity":1,"f:13:2:13:11":0,"b:15:4:19:Infinity:17:11:19:Infinity":1,"s:15:4:19:Infinity":2,"b:15:8:15:19:15:19:15:47":2,"s:16:6:16:Infinity":3,"s:18:6:18:Infinity":4,"s:27:33:36:Infinity":5,"s:39:31:48:Infinity":6,"s:51:28:51:35":7},"fnNames":{}}}
,"C:\\Users\\nixon\\Documents\\papeleria-nodejs\\src\\controllers\\auth.controller.ts": {"path":"C:\\Users\\nixon\\Documents\\papeleria-nodejs\\src\\controllers\\auth.controller.ts","statementMap":{"0":{"start":{"line":5,"column":16},"end":{"line":5,"column":null}},"1":{"start":{"line":9,"column":4},"end":{"line":13,"column":null}},"2":{"start":{"line":10,"column":24},"end":{"line":10,"column":null}},"3":{"start":{"line":11,"column":19},"end":{"line":11,"column":null}},"4":{"start":{"line":12,"column":6},"end":{"line":12,"column":null}},"5":{"start":{"line":13,"column":20},"end":{"line":13,"column":31}},"6":{"start":{"line":17,"column":4},"end":{"line":32,"column":null}},"7":{"start":{"line":18,"column":24},"end":{"line":18,"column":null}},"8":{"start":{"line":19,"column":21},"end":{"line":19,"column":null}},"9":{"start":{"line":21,"column":6},"end":{"line":26,"column":null}},"10":{"start":{"line":28,"column":6},"end":{"line":31,"column":null}},"11":{"start":{"line":32,"column":20},"end":{"line":32,"column":31}}},"fnMap":{"0":{"name":"register","decl":{"start":{"line":8,"column":15},"end":{"line":8,"column":24}},"loc":{"start":{"line":8,"column":73},"end":{"line":14,"column":null}},"line":8},"1":{"name":"login","decl":{"start":{"line":16,"column":15},"end":{"line":16,"column":21}},"loc":{"start":{"line":16,"column":70},"end":{"line":33,"column":null}},"line":16}},"branchMap":{},"s":{"0":2,"1":1,"2":1,"3":1,"4":0,"5":1,"6":1,"7":1,"8":1,"9":0,"10":0,"11":1},"f":{"0":2,"1":2},"b":{},"meta":{"lastBranch":0,"lastFunction":2,"lastStatement":12,"seen":{"s:5:16:5:Infinity":0,"f:8:15:8:24":0,"s:9:4:13:Infinity":1,"s:10:24:10:Infinity":2,"s:11:19:11:Infinity":3,"s:12:6:12:Infinity":4,"s:13:20:13:31":5,"f:16:15:16:21":1,"s:17:4:32:Infinity":6,"s:18:24:18:Infinity":7,"s:19:21:19:Infinity":8,"s:21:6:26:Infinity":9,"s:28:6:31:Infinity":10,"s:32:20:32:31":11},"fnNames":{}}}
,"C:\\Users\\nixon\\Documents\\papeleria-nodejs\\src\\controllers\\categories.controller.ts": {"path":"C:\\Users\\nixon\\Documents\\papeleria-nodejs\\src\\controllers\\categories.controller.ts","statementMap":{"0":{"start":{"line":5,"column":16},"end":{"line":5,"column":null}},"1":{"start":{"line":9,"column":4},"end":{"line":14,"column":null}},"2":{"start":{"line":10,"column":25},"end":{"line":10,"column":null}},"3":{"start":{"line":11,"column":6},"end":{"line":11,"column":null}},"4":{"start":{"line":13,"column":6},"end":{"line":13,"column":null}},"5":{"start":{"line":18,"column":4},"end":{"line":23,"column":null}},"6":{"start":{"line":19,"column":23},"end":{"line":19,"column":null}},"7":{"start":{"line":20,"column":6},"end":{"line":20,"column":null}},"8":{"start":{"line":22,"column":6},"end":{"line":22,"column":null}},"9":{"start":{"line":27,"column":4},"end":{"line":33,"column":null}},"10":{"start":{"line":28,"column":24},"end":{"line":28,"column":null}},"11":{"start":{"line":29,"column":23},"end":{"line":29,"column":null}},"12":{"start":{"line":30,"column":6},"end":{"line":30,"column":null}},"13":{"start":{"line":32,"column":6},"end":{"line":32,"column":null}},"14":{"start":{"line":37,"column":4},"end":{"line":43,"column":null}},"15":{"start":{"line":38,"column":24},"end":{"line":38,"column":null}},"16":{"start":{"line":39,"column":23},"end":{"line":39,"column":null}},"17":{"start":{"line":40,"column":6},"end":{"line":40,"column":null}},"18":{"start":{"line":42,"column":6},"end":{"line":42,"column":null}},"19":{"start":{"line":47,"column":4},"end":{"line":52,"column":null}},"20":{"start":{"line":48,"column":6},"end":{"line":48,"column":null}},"21":{"start":{"line":49,"column":6},"end":{"line":49,"column":null}},"22":{"start":{"line":51,"column":6},"end":{"line":51,"column":null}}},"fnMap":{"0":{"name":"getAll","decl":{"start":{"line":8,"column":15},"end":{"line":8,"column":22}},"loc":{"start":{"line":8,"column":72},"end":{"line":15,"column":null}},"line":8},"1":{"name":"getById","decl":{"start":{"line":17,"column":15},"end":{"line":17,"column":23}},"loc":{"start":{"line":17,"column":72},"end":{"line":24,"column":null}},"line":17},"2":{"name":"create","decl":{"start":{"line":26,"column":15},"end":{"line":26,"column":22}},"loc":{"start":{"line":26,"column":71},"end":{"line":34,"column":null}},"line":26},"3":{"name":"update","decl":{"start":{"line":36,"column":15},"end":{"line":36,"column":22}},"loc":{"start":{"line":36,"column":71},"end":{"line":44,"column":null}},"line":36},"4":{"name":"delete","decl":{"start":{"line":46,"column":15},"end":{"line":46,"column":22}},"loc":{"start":{"line":46,"column":71},"end":{"line":53,"column":null}},"line":46}},"branchMap":{},"s":{"0":2,"1":0,"2":0,"3":0,"4":0,"5":0,"6":0,"7":0,"8":0,"9":0,"10":0,"11":0,"12":0,"13":0,"14":0,"15":0,"16":0,"17":0,"18":0,"19":0,"20":0,"21":0,"22":0},"f":{"0":2,"1":2,"2":2,"3":2,"4":2},"b":{},"meta":{"lastBranch":0,"lastFunction":5,"lastStatement":23,"seen":{"s:5:16:5:Infinity":0,"f:8:15:8:22":0,"s:9:4:14:Infinity":1,"s:10:25:10:Infinity":2,"s:11:6:11:Infinity":3,"s:13:6:13:Infinity":4,"f:17:15:17:23":1,"s:18:4:23:Infinity":5,"s:19:23:19:Infinity":6,"s:20:6:20:Infinity":7,"s:22:6:22:Infinity":8,"f:26:15:26:22":2,"s:27:4:33:Infinity":9,"s:28:24:28:Infinity":10,"s:29:23:29:Infinity":11,"s:30:6:30:Infinity":12,"s:32:6:32:Infinity":13,"f:36:15:36:22":3,"s:37:4:43:Infinity":14,"s:38:24:38:Infinity":15,"s:39:23:39:Infinity":16,"s:40:6:40:Infinity":17,"s:42:6:42:Infinity":18,"f:46:15:46:22":4,"s:47:4:52:Infinity":19,"s:48:6:48:Infinity":20,"s:49:6:49:Infinity":21,"s:51:6:51:Infinity":22},"fnNames":{}}}
,"C:\\Users\\nixon\\Documents\\papeleria-nodejs\\src\\controllers\\products.controller.ts": {"path":"C:\\Users\\nixon\\Documents\\papeleria-nodejs\\src\\controllers\\products.controller.ts","statementMap":{"0":{"start":{"line":5,"column":16},"end":{"line":5,"column":null}},"1":{"start":{"line":9,"column":4},"end":{"line":16,"column":null}},"2":{"start":{"line":10,"column":19},"end":{"line":10,"column":null}},"3":{"start":{"line":11,"column":20},"end":{"line":11,"column":null}},"4":{"start":{"line":12,"column":21},"end":{"line":12,"column":null}},"5":{"start":{"line":13,"column":6},"end":{"line":13,"column":null}},"6":{"start":{"line":15,"column":6},"end":{"line":15,"column":null}},"7":{"start":{"line":20,"column":4},"end":{"line":25,"column":null}},"8":{"start":{"line":21,"column":22},"end":{"line":21,"column":null}},"9":{"start":{"line":22,"column":6},"end":{"line":22,"column":null}},"10":{"start":{"line":24,"column":6},"end":{"line":24,"column":null}},"11":{"start":{"line":29,"column":4},"end":{"line":35,"column":null}},"12":{"start":{"line":30,"column":24},"end":{"line":30,"column":null}},"13":{"start":{"line":31,"column":22},"end":{"line":31,"column":null}},"14":{"start":{"line":32,"column":6},"end":{"line":32,"column":null}},"15":{"start":{"line":34,"column":6},"end":{"line":34,"column":null}},"16":{"start":{"line":39,"column":4},"end":{"line":45,"column":null}},"17":{"start":{"line":40,"column":24},"end":{"line":40,"column":null}},"18":{"start":{"line":41,"column":22},"end":{"line":41,"column":null}},"19":{"start":{"line":42,"column":6},"end":{"line":42,"column":null}},"20":{"start":{"line":44,"column":6},"end":{"line":44,"column":null}},"21":{"start":{"line":49,"column":4},"end":{"line":54,"column":null}},"22":{"start":{"line":50,"column":6},"end":{"line":50,"column":null}},"23":{"start":{"line":51,"column":6},"end":{"line":51,"column":null}},"24":{"start":{"line":53,"column":6},"end":{"line":53,"column":null}}},"fnMap":{"0":{"name":"getAll","decl":{"start":{"line":8,"column":15},"end":{"line":8,"column":22}},"loc":{"start":{"line":8,"column":71},"end":{"line":17,"column":null}},"line":8},"1":{"name":"getById","decl":{"start":{"line":19,"column":15},"end":{"line":19,"column":23}},"loc":{"start":{"line":19,"column":72},"end":{"line":26,"column":null}},"line":19},"2":{"name":"create","decl":{"start":{"line":28,"column":15},"end":{"line":28,"column":22}},"loc":{"start":{"line":28,"column":71},"end":{"line":36,"column":null}},"line":28},"3":{"name":"update","decl":{"start":{"line":38,"column":15},"end":{"line":38,"column":22}},"loc":{"start":{"line":38,"column":71},"end":{"line":46,"column":null}},"line":38},"4":{"name":"delete","decl":{"start":{"line":48,"column":15},"end":{"line":48,"column":22}},"loc":{"start":{"line":48,"column":71},"end":{"line":55,"column":null}},"line":48}},"branchMap":{"0":{"loc":{"start":{"line":10,"column":19},"end":{"line":10,"column":null}},"type":"binary-expr","locations":[{"start":{"line":10,"column":19},"end":{"line":10,"column":45}},{"start":{"line":10,"column":45},"end":{"line":10,"column":null}}],"line":10},"1":{"loc":{"start":{"line":11,"column":20},"end":{"line":11,"column":null}},"type":"binary-expr","locations":[{"start":{"line":11,"column":20},"end":{"line":11,"column":47}},{"start":{"line":11,"column":47},"end":{"line":11,"column":null}}],"line":11}},"s":{"0":2,"1":1,"2":1,"3":1,"4":1,"5":1,"6":0,"7":0,"8":0,"9":0,"10":0,"11":1,"12":1,"13":1,"14":0,"15":1,"16":0,"17":0,"18":0,"19":0,"20":0,"21":0,"22":0,"23":0,"24":0},"f":{"0":2,"1":2,"2":2,"3":2,"4":2},"b":{"0":[1,1],"1":[1,1]},"meta":{"lastBranch":2,"lastFunction":5,"lastStatement":25,"seen":{"s:5:16:5:Infinity":0,"f:8:15:8:22":0,"s:9:4:16:Infinity":1,"s:10:19:10:Infinity":2,"b:10:19:10:45:10:45:10:Infinity":0,"s:11:20:11:Infinity":3,"b:11:20:11:47:11:47:11:Infinity":1,"s:12:21:12:Infinity":4,"s:13:6:13:Infinity":5,"s:15:6:15:Infinity":6,"f:19:15:19:23":1,"s:20:4:25:Infinity":7,"s:21:22:21:Infinity":8,"s:22:6:22:Infinity":9,"s:24:6:24:Infinity":10,"f:28:15:28:22":2,"s:29:4:35:Infinity":11,"s:30:24:30:Infinity":12,"s:31:22:31:Infinity":13,"s:32:6:32:Infinity":14,"s:34:6:34:Infinity":15,"f:38:15:38:22":3,"s:39:4:45:Infinity":16,"s:40:24:40:Infinity":17,"s:41:22:41:Infinity":18,"s:42:6:42:Infinity":19,"s:44:6:44:Infinity":20,"f:48:15:48:22":4,"s:49:4:54:Infinity":21,"s:50:6:50:Infinity":22,"s:51:6:51:Infinity":23,"s:53:6:53:Infinity":24},"fnNames":{}}}
,"C:\\Users\\nixon\\Documents\\papeleria-nodejs\\src\\errors\\AppError.ts": {"path":"C:\\Users\\nixon\\Documents\\papeleria-nodejs\\src\\errors\\AppError.ts","statementMap":{"0":{"start":{"line":5,"column":4},"end":{"line":5,"column":null}},"1":{"start":{"line":6,"column":4},"end":{"line":6,"column":null}},"2":{"start":{"line":7,"column":4},"end":{"line":7,"column":null}}},"fnMap":{"0":{"name":"constructor","decl":{"start":{"line":4,"column":2},"end":{"line":4,"column":14}},"loc":{"start":{"line":4,"column":57},"end":{"line":8,"column":null}},"line":4}},"branchMap":{"0":{"loc":{"start":{"line":4,"column":31},"end":{"line":4,"column":57}},"type":"default-arg","locations":[{"start":{"line":4,"column":52},"end":{"line":4,"column":57}}],"line":4}},"s":{"0":3,"1":3,"2":3},"f":{"0":3},"b":{"0":[3]},"meta":{"lastBranch":1,"lastFunction":1,"lastStatement":3,"seen":{"f:4:2:4:14":0,"b:4:52:4:57":0,"s:5:4:5:Infinity":0,"s:6:4:6:Infinity":1,"s:7:4:7:Infinity":2},"fnNames":{}}}
,"C:\\Users\\nixon\\Documents\\papeleria-nodejs\\src\\middlewares\\errorHandler.ts": {"path":"C:\\Users\\nixon\\Documents\\papeleria-nodejs\\src\\middlewares\\errorHandler.ts","statementMap":{"0":{"start":{"line":4,"column":13},"end":{"line":30,"column":null}},"1":{"start":{"line":10,"column":2},"end":{"line":13,"column":null}},"2":{"start":{"line":11,"column":4},"end":{"line":11,"column":null}},"3":{"start":{"line":12,"column":4},"end":{"line":12,"column":null}},"4":{"start":{"line":16,"column":2},"end":{"line":20,"column":null}},"5":{"start":{"line":17,"column":18},"end":{"line":17,"column":null}},"6":{"start":{"line":18,"column":4},"end":{"line":18,"column":null}},"7":{"start":{"line":19,"column":4},"end":{"line":19,"column":null}},"8":{"start":{"line":23,"column":2},"end":{"line":26,"column":null}},"9":{"start":{"line":24,"column":4},"end":{"line":24,"column":null}},"10":{"start":{"line":25,"column":4},"end":{"line":25,"column":null}},"11":{"start":{"line":28,"column":2},"end":{"line":28,"column":null}},"12":{"start":{"line":29,"column":2},"end":{"line":29,"column":null}}},"fnMap":{"0":{"name":"(anonymous_0)","decl":{"start":{"line":4,"column":13},"end":{"line":4,"column":null}},"loc":{"start":{"line":9,"column":11},"end":{"line":30,"column":null}},"line":9}},"branchMap":{"0":{"loc":{"start":{"line":10,"column":2},"end":{"line":13,"column":null}},"type":"if","locations":[{"start":{"line":10,"column":2},"end":{"line":13,"column":null}},{"start":{},"end":{}}],"line":10},"1":{"loc":{"start":{"line":16,"column":2},"end":{"line":20,"column":null}},"type":"if","locations":[{"start":{"line":16,"column":2},"end":{"line":20,"column":null}},{"start":{},"end":{}}],"line":16},"2":{"loc":{"start":{"line":17,"column":18},"end":{"line":17,"column":null}},"type":"binary-expr","locations":[{"start":{"line":17,"column":18},"end":{"line":17,"column":56}},{"start":{"line":17,"column":56},"end":{"line":17,"column":null}}],"line":17},"3":{"loc":{"start":{"line":17,"column":30},"end":{"line":17,"column":48}},"type":"binary-expr","locations":[{"start":{"line":17,"column":30},"end":{"line":17,"column":46}},{"start":{"line":17,"column":46},"end":{"line":17,"column":48}}],"line":17},"4":{"loc":{"start":{"line":23,"column":2},"end":{"line":26,"column":null}},"type":"if","locations":[{"start":{"line":23,"column":2},"end":{"line":26,"column":null}},{"start":{},"end":{}}],"line":23}},"s":{"0":2,"1":3,"2":1,"3":1,"4":2,"5":0,"6":0,"7":0,"8":2,"9":0,"10":0,"11":2,"12":2},"f":{"0":3},"b":{"0":[1,2],"1":[0,2],"2":[0,0],"3":[0,0],"4":[0,2]},"meta":{"lastBranch":5,"lastFunction":1,"lastStatement":13,"seen":{"s:4:13:30:Infinity":0,"f:4:13:4:Infinity":0,"b:10:2:13:Infinity:undefined:undefined:undefined:undefined":0,"s:10:2:13:Infinity":1,"s:11:4:11:Infinity":2,"s:12:4:12:Infinity":3,"b:16:2:20:Infinity:undefined:undefined:undefined:undefined":1,"s:16:2:20:Infinity":4,"s:17:18:17:Infinity":5,"b:17:18:17:56:17:56:17:Infinity":2,"b:17:30:17:46:17:46:17:48":3,"s:18:4:18:Infinity":6,"s:19:4:19:Infinity":7,"b:23:2:26:Infinity:undefined:undefined:undefined:undefined":4,"s:23:2:26:Infinity":8,"s:24:4:24:Infinity":9,"s:25:4:25:Infinity":10,"s:28:2:28:Infinity":11,"s:29:2:29:Infinity":12},"fnNames":{}}}
,"C:\\Users\\nixon\\Documents\\papeleria-nodejs\\src\\middlewares\\logger.ts": {"path":"C:\\Users\\nixon\\Documents\\papeleria-nodejs\\src\\middlewares\\logger.ts","statementMap":{"0":{"start":{"line":8,"column":20},"end":{"line":8,"column":null}},"1":{"start":{"line":9,"column":2},"end":{"line":9,"column":null}},"2":{"start":{"line":10,"column":2},"end":{"line":10,"column":null}}},"fnMap":{"0":{"name":"requestLogger","decl":{"start":{"line":7,"column":16},"end":{"line":7,"column":30}},"loc":{"start":{"line":7,"column":79},"end":{"line":11,"column":null}},"line":7}},"branchMap":{},"s":{"0":4,"1":4,"2":4},"f":{"0":4},"b":{},"meta":{"lastBranch":0,"lastFunction":1,"lastStatement":3,"seen":{"f:7:16:7:30":0,"s:8:20:8:Infinity":0,"s:9:2:9:Infinity":1,"s:10:2:10:Infinity":2},"fnNames":{}}}
,"C:\\Users\\nixon\\Documents\\papeleria-nodejs\\src\\middlewares\\notFound.ts": {"path":"C:\\Users\\nixon\\Documents\\papeleria-nodejs\\src\\middlewares\\notFound.ts","statementMap":{"0":{"start":{"line":3,"column":13},"end":{"line":5,"column":null}},"1":{"start":{"line":4,"column":2},"end":{"line":4,"column":null}}},"fnMap":{"0":{"name":"(anonymous_0)","decl":{"start":{"line":3,"column":13},"end":{"line":3,"column":25}},"loc":{"start":{"line":3,"column":64},"end":{"line":5,"column":null}},"line":3}},"branchMap":{},"s":{"0":2,"1":0},"f":{"0":0},"b":{},"meta":{"lastBranch":0,"lastFunction":1,"lastStatement":2,"seen":{"s:3:13:5:Infinity":0,"f:3:13:3:25":0,"s:4:2:4:Infinity":1},"fnNames":{}}}
,"C:\\Users\\nixon\\Documents\\papeleria-nodejs\\src\\models\\category.model.ts": {"path":"C:\\Users\\nixon\\Documents\\papeleria-nodejs\\src\\models\\category.model.ts","statementMap":{"0":{"start":{"line":8,"column":23},"end":{"line":14,"column":null}},"1":{"start":{"line":16,"column":29},"end":{"line":16,"column":null}}},"fnMap":{},"branchMap":{},"s":{"0":2,"1":2},"f":{},"b":{},"meta":{"lastBranch":0,"lastFunction":0,"lastStatement":2,"seen":{"s:8:23:14:Infinity":0,"s:16:29:16:Infinity":1},"fnNames":{}}}
,"C:\\Users\\nixon\\Documents\\papeleria-nodejs\\src\\models\\product.model.ts": {"path":"C:\\Users\\nixon\\Documents\\papeleria-nodejs\\src\\models\\product.model.ts","statementMap":{"0":{"start":{"line":13,"column":22},"end":{"line":24,"column":null}},"1":{"start":{"line":26,"column":28},"end":{"line":26,"column":null}}},"fnMap":{},"branchMap":{},"s":{"0":2,"1":2},"f":{},"b":{},"meta":{"lastBranch":0,"lastFunction":0,"lastStatement":2,"seen":{"s:13:22:24:Infinity":0,"s:26:28:26:Infinity":1},"fnNames":{}}}
,"C:\\Users\\nixon\\Documents\\papeleria-nodejs\\src\\models\\user.model.ts": {"path":"C:\\Users\\nixon\\Documents\\papeleria-nodejs\\src\\models\\user.model.ts","statementMap":{"0":{"start":{"line":10,"column":19},"end":{"line":18,"column":null}},"1":{"start":{"line":20,"column":25},"end":{"line":20,"column":null}}},"fnMap":{},"branchMap":{},"s":{"0":2,"1":2},"f":{},"b":{},"meta":{"lastBranch":0,"lastFunction":0,"lastStatement":2,"seen":{"s:10:19:18:Infinity":0,"s:20:25:20:Infinity":1},"fnNames":{}}}
,"C:\\Users\\nixon\\Documents\\papeleria-nodejs\\src\\repositories\\categories.repository.ts": {"path":"C:\\Users\\nixon\\Documents\\papeleria-nodejs\\src\\repositories\\categories.repository.ts","statementMap":{"0":{"start":{"line":6,"column":4},"end":{"line":6,"column":null}},"1":{"start":{"line":10,"column":21},"end":{"line":10,"column":null}},"2":{"start":{"line":11,"column":4},"end":{"line":11,"column":null}},"3":{"start":{"line":11,"column":19},"end":{"line":11,"column":null}},"4":{"start":{"line":12,"column":4},"end":{"line":12,"column":null}},"5":{"start":{"line":16,"column":21},"end":{"line":16,"column":null}},"6":{"start":{"line":17,"column":4},"end":{"line":17,"column":null}},"7":{"start":{"line":21,"column":20},"end":{"line":24,"column":null}},"8":{"start":{"line":25,"column":4},"end":{"line":25,"column":null}},"9":{"start":{"line":25,"column":18},"end":{"line":25,"column":null}},"10":{"start":{"line":26,"column":4},"end":{"line":26,"column":null}},"11":{"start":{"line":30,"column":20},"end":{"line":30,"column":null}},"12":{"start":{"line":31,"column":4},"end":{"line":31,"column":null}},"13":{"start":{"line":31,"column":18},"end":{"line":31,"column":null}}},"fnMap":{"0":{"name":"findAll","decl":{"start":{"line":5,"column":8},"end":{"line":5,"column":40}},"loc":{"start":{"line":5,"column":40},"end":{"line":7,"column":null}},"line":5},"1":{"name":"findById","decl":{"start":{"line":9,"column":8},"end":{"line":9,"column":17}},"loc":{"start":{"line":9,"column":49},"end":{"line":13,"column":null}},"line":9},"2":{"name":"create","decl":{"start":{"line":15,"column":8},"end":{"line":15,"column":15}},"loc":{"start":{"line":15,"column":61},"end":{"line":18,"column":null}},"line":15},"3":{"name":"update","decl":{"start":{"line":20,"column":8},"end":{"line":20,"column":15}},"loc":{"start":{"line":20,"column":73},"end":{"line":27,"column":null}},"line":20},"4":{"name":"delete","decl":{"start":{"line":29,"column":8},"end":{"line":29,"column":15}},"loc":{"start":{"line":29,"column":42},"end":{"line":32,"column":null}},"line":29}},"branchMap":{"0":{"loc":{"start":{"line":11,"column":4},"end":{"line":11,"column":null}},"type":"if","locations":[{"start":{"line":11,"column":4},"end":{"line":11,"column":null}},{"start":{},"end":{}}],"line":11},"1":{"loc":{"start":{"line":25,"column":4},"end":{"line":25,"column":null}},"type":"if","locations":[{"start":{"line":25,"column":4},"end":{"line":25,"column":null}},{"start":{},"end":{}}],"line":25},"2":{"loc":{"start":{"line":31,"column":4},"end":{"line":31,"column":null}},"type":"if","locations":[{"start":{"line":31,"column":4},"end":{"line":31,"column":null}},{"start":{},"end":{}}],"line":31}},"s":{"0":0,"1":0,"2":0,"3":0,"4":0,"5":0,"6":0,"7":0,"8":0,"9":0,"10":0,"11":0,"12":0,"13":0},"f":{"0":0,"1":0,"2":0,"3":0,"4":0},"b":{"0":[0,0],"1":[0,0],"2":[0,0]},"meta":{"lastBranch":3,"lastFunction":5,"lastStatement":14,"seen":{"f:5:8:5:40":0,"s:6:4:6:Infinity":0,"f:9:8:9:17":1,"s:10:21:10:Infinity":1,"b:11:4:11:Infinity:undefined:undefined:undefined:undefined":0,"s:11:4:11:Infinity":2,"s:11:19:11:Infinity":3,"s:12:4:12:Infinity":4,"f:15:8:15:15":2,"s:16:21:16:Infinity":5,"s:17:4:17:Infinity":6,"f:20:8:20:15":3,"s:21:20:24:Infinity":7,"b:25:4:25:Infinity:undefined:undefined:undefined:undefined":1,"s:25:4:25:Infinity":8,"s:25:18:25:Infinity":9,"s:26:4:26:Infinity":10,"f:29:8:29:15":4,"s:30:20:30:Infinity":11,"b:31:4:31:Infinity:undefined:undefined:undefined:undefined":2,"s:31:4:31:Infinity":12,"s:31:18:31:Infinity":13},"fnNames":{}}}
,"C:\\Users\\nixon\\Documents\\papeleria-nodejs\\src\\repositories\\products.repository.ts": {"path":"C:\\Users\\nixon\\Documents\\papeleria-nodejs\\src\\repositories\\products.repository.ts","statementMap":{"0":{"start":{"line":6,"column":10},"end":{"line":6,"column":null}},"1":{"start":{"line":7,"column":26},"end":{"line":10,"column":null}},"2":{"start":{"line":12,"column":4},"end":{"line":17,"column":null}},"3":{"start":{"line":21,"column":20},"end":{"line":21,"column":null}},"4":{"start":{"line":22,"column":4},"end":{"line":22,"column":null}},"5":{"start":{"line":22,"column":18},"end":{"line":22,"column":null}},"6":{"start":{"line":23,"column":4},"end":{"line":23,"column":null}},"7":{"start":{"line":27,"column":23},"end":{"line":27,"column":null}},"8":{"start":{"line":28,"column":4},"end":{"line":28,"column":null}},"9":{"start":{"line":32,"column":20},"end":{"line":35,"column":null}},"10":{"start":{"line":37,"column":4},"end":{"line":37,"column":null}},"11":{"start":{"line":37,"column":18},"end":{"line":37,"column":null}},"12":{"start":{"line":38,"column":4},"end":{"line":38,"column":null}},"13":{"start":{"line":42,"column":20},"end":{"line":42,"column":null}},"14":{"start":{"line":43,"column":4},"end":{"line":43,"column":null}},"15":{"start":{"line":43,"column":18},"end":{"line":43,"column":null}}},"fnMap":{"0":{"name":"findAll","decl":{"start":{"line":5,"column":8},"end":{"line":5,"column":16}},"loc":{"start":{"line":5,"column":54},"end":{"line":18,"column":null}},"line":5},"1":{"name":"findById","decl":{"start":{"line":20,"column":8},"end":{"line":20,"column":17}},"loc":{"start":{"line":20,"column":48},"end":{"line":24,"column":null}},"line":20},"2":{"name":"create","decl":{"start":{"line":26,"column":8},"end":{"line":26,"column":15}},"loc":{"start":{"line":26,"column":59},"end":{"line":29,"column":null}},"line":26},"3":{"name":"update","decl":{"start":{"line":31,"column":8},"end":{"line":31,"column":15}},"loc":{"start":{"line":31,"column":71},"end":{"line":39,"column":null}},"line":31},"4":{"name":"delete","decl":{"start":{"line":41,"column":8},"end":{"line":41,"column":15}},"loc":{"start":{"line":41,"column":42},"end":{"line":44,"column":null}},"line":41}},"branchMap":{"0":{"loc":{"start":{"line":5,"column":16},"end":{"line":5,"column":34}},"type":"default-arg","locations":[{"start":{"line":5,"column":31},"end":{"line":5,"column":34}}],"line":5},"1":{"loc":{"start":{"line":5,"column":34},"end":{"line":5,"column":54}},"type":"default-arg","locations":[{"start":{"line":5,"column":50},"end":{"line":5,"column":54}}],"line":5},"2":{"loc":{"start":{"line":22,"column":4},"end":{"line":22,"column":null}},"type":"if","locations":[{"start":{"line":22,"column":4},"end":{"line":22,"column":null}},{"start":{},"end":{}}],"line":22},"3":{"loc":{"start":{"line":37,"column":4},"end":{"line":37,"column":null}},"type":"if","locations":[{"start":{"line":37,"column":4},"end":{"line":37,"column":null}},{"start":{},"end":{}}],"line":37},"4":{"loc":{"start":{"line":43,"column":4},"end":{"line":43,"column":null}},"type":"if","locations":[{"start":{"line":43,"column":4},"end":{"line":43,"column":null}},{"start":{},"end":{}}],"line":43}},"s":{"0":1,"1":1,"2":1,"3":0,"4":0,"5":0,"6":0,"7":0,"8":0,"9":0,"10":0,"11":0,"12":0,"13":0,"14":0,"15":0},"f":{"0":1,"1":0,"2":0,"3":0,"4":0},"b":{"0":[1],"1":[1],"2":[0,0],"3":[0,0],"4":[0,0]},"meta":{"lastBranch":5,"lastFunction":5,"lastStatement":16,"seen":{"f:5:8:5:16":0,"b:5:31:5:34":0,"b:5:50:5:54":1,"s:6:10:6:Infinity":0,"s:7:26:10:Infinity":1,"s:12:4:17:Infinity":2,"f:20:8:20:17":1,"s:21:20:21:Infinity":3,"b:22:4:22:Infinity:undefined:undefined:undefined:undefined":2,"s:22:4:22:Infinity":4,"s:22:18:22:Infinity":5,"s:23:4:23:Infinity":6,"f:26:8:26:15":2,"s:27:23:27:Infinity":7,"s:28:4:28:Infinity":8,"f:31:8:31:15":3,"s:32:20:35:Infinity":9,"b:37:4:37:Infinity:undefined:undefined:undefined:undefined":3,"s:37:4:37:Infinity":10,"s:37:18:37:Infinity":11,"s:38:4:38:Infinity":12,"f:41:8:41:15":4,"s:42:20:42:Infinity":13,"b:43:4:43:Infinity:undefined:undefined:undefined:undefined":4,"s:43:4:43:Infinity":14,"s:43:18:43:Infinity":15},"fnNames":{}}}
,"C:\\Users\\nixon\\Documents\\papeleria-nodejs\\src\\repositories\\user.repository.ts": {"path":"C:\\Users\\nixon\\Documents\\papeleria-nodejs\\src\\repositories\\user.repository.ts","statementMap":{"0":{"start":{"line":5,"column":4},"end":{"line":5,"column":null}},"1":{"start":{"line":9,"column":17},"end":{"line":9,"column":null}},"2":{"start":{"line":10,"column":4},"end":{"line":10,"column":null}}},"fnMap":{"0":{"name":"findByEmail","decl":{"start":{"line":4,"column":8},"end":{"line":4,"column":20}},"loc":{"start":{"line":4,"column":58},"end":{"line":6,"column":null}},"line":4},"1":{"name":"create","decl":{"start":{"line":8,"column":8},"end":{"line":8,"column":15}},"loc":{"start":{"line":8,"column":53},"end":{"line":11,"column":null}},"line":8}},"branchMap":{},"s":{"0":1,"1":0,"2":0},"f":{"0":1,"1":0},"b":{},"meta":{"lastBranch":0,"lastFunction":2,"lastStatement":3,"seen":{"f:4:8:4:20":0,"s:5:4:5:Infinity":0,"f:8:8:8:15":1,"s:9:17:9:Infinity":1,"s:10:4:10:Infinity":2},"fnNames":{}}}
,"C:\\Users\\nixon\\Documents\\papeleria-nodejs\\src\\routes\\auth.routes.ts": {"path":"C:\\Users\\nixon\\Documents\\papeleria-nodejs\\src\\routes\\auth.routes.ts","statementMap":{"0":{"start":{"line":4,"column":26},"end":{"line":4,"column":33}},"1":{"start":{"line":6,"column":0},"end":{"line":6,"column":null}},"2":{"start":{"line":7,"column":0},"end":{"line":7,"column":null}}},"fnMap":{},"branchMap":{},"s":{"0":2,"1":2,"2":2},"f":{},"b":{},"meta":{"lastBranch":0,"lastFunction":0,"lastStatement":3,"seen":{"s:4:26:4:33":0,"s:6:0:6:Infinity":1,"s:7:0:7:Infinity":2},"fnNames":{}}}
,"C:\\Users\\nixon\\Documents\\papeleria-nodejs\\src\\routes\\categories.routes.ts": {"path":"C:\\Users\\nixon\\Documents\\papeleria-nodejs\\src\\routes\\categories.routes.ts","statementMap":{"0":{"start":{"line":4,"column":32},"end":{"line":4,"column":39}},"1":{"start":{"line":6,"column":0},"end":{"line":6,"column":null}},"2":{"start":{"line":7,"column":0},"end":{"line":7,"column":null}},"3":{"start":{"line":8,"column":0},"end":{"line":8,"column":null}},"4":{"start":{"line":9,"column":0},"end":{"line":9,"column":null}},"5":{"start":{"line":10,"column":0},"end":{"line":10,"column":null}}},"fnMap":{},"branchMap":{},"s":{"0":2,"1":2,"2":2,"3":2,"4":2,"5":2},"f":{},"b":{},"meta":{"lastBranch":0,"lastFunction":0,"lastStatement":6,"seen":{"s:4:32:4:39":0,"s:6:0:6:Infinity":1,"s:7:0:7:Infinity":2,"s:8:0:8:Infinity":3,"s:9:0:9:Infinity":4,"s:10:0:10:Infinity":5},"fnNames":{}}}
,"C:\\Users\\nixon\\Documents\\papeleria-nodejs\\src\\routes\\products.routes.ts": {"path":"C:\\Users\\nixon\\Documents\\papeleria-nodejs\\src\\routes\\products.routes.ts","statementMap":{"0":{"start":{"line":4,"column":30},"end":{"line":4,"column":37}},"1":{"start":{"line":6,"column":0},"end":{"line":6,"column":null}},"2":{"start":{"line":7,"column":0},"end":{"line":7,"column":null}},"3":{"start":{"line":8,"column":0},"end":{"line":8,"column":null}},"4":{"start":{"line":9,"column":0},"end":{"line":9,"column":null}},"5":{"start":{"line":10,"column":0},"end":{"line":10,"column":null}}},"fnMap":{},"branchMap":{},"s":{"0":2,"1":2,"2":2,"3":2,"4":2,"5":2},"f":{},"b":{},"meta":{"lastBranch":0,"lastFunction":0,"lastStatement":6,"seen":{"s:4:30:4:37":0,"s:6:0:6:Infinity":1,"s:7:0:7:Infinity":2,"s:8:0:8:Infinity":3,"s:9:0:9:Infinity":4,"s:10:0:10:Infinity":5},"fnNames":{}}}
,"C:\\Users\\nixon\\Documents\\papeleria-nodejs\\src\\schemas\\auth.schema.ts": {"path":"C:\\Users\\nixon\\Documents\\papeleria-nodejs\\src\\schemas\\auth.schema.ts","statementMap":{"0":{"start":{"line":3,"column":30},"end":{"line":8,"column":null}},"1":{"start":{"line":10,"column":27},"end":{"line":13,"column":null}}},"fnMap":{},"branchMap":{},"s":{"0":2,"1":2},"f":{},"b":{},"meta":{"lastBranch":0,"lastFunction":0,"lastStatement":2,"seen":{"s:3:30:8:Infinity":0,"s:10:27:13:Infinity":1},"fnNames":{}}}
,"C:\\Users\\nixon\\Documents\\papeleria-nodejs\\src\\schemas\\category.schema.ts": {"path":"C:\\Users\\nixon\\Documents\\papeleria-nodejs\\src\\schemas\\category.schema.ts","statementMap":{"0":{"start":{"line":3,"column":36},"end":{"line":6,"column":null}},"1":{"start":{"line":8,"column":36},"end":{"line":8,"column":null}}},"fnMap":{},"branchMap":{},"s":{"0":2,"1":2},"f":{},"b":{},"meta":{"lastBranch":0,"lastFunction":0,"lastStatement":2,"seen":{"s:3:36:6:Infinity":0,"s:8:36:8:Infinity":1},"fnNames":{}}}
,"C:\\Users\\nixon\\Documents\\papeleria-nodejs\\src\\schemas\\product.schema.ts": {"path":"C:\\Users\\nixon\\Documents\\papeleria-nodejs\\src\\schemas\\product.schema.ts","statementMap":{"0":{"start":{"line":3,"column":34},"end":{"line":5,"column":null}},"1":{"start":{"line":7,"column":35},"end":{"line":14,"column":null}},"2":{"start":{"line":16,"column":35},"end":{"line":16,"column":null}},"3":{"start":{"line":18,"column":37},"end":{"line":21,"column":null}}},"fnMap":{},"branchMap":{},"s":{"0":2,"1":2,"2":2,"3":2},"f":{},"b":{},"meta":{"lastBranch":0,"lastFunction":0,"lastStatement":4,"seen":{"s:3:34:5:Infinity":0,"s:7:35:14:Infinity":1,"s:16:35:16:Infinity":2,"s:18:37:21:Infinity":3},"fnNames":{}}}
,"C:\\Users\\nixon\\Documents\\papeleria-nodejs\\src\\services\\auth.service.ts": {"path":"C:\\Users\\nixon\\Documents\\papeleria-nodejs\\src\\services\\auth.service.ts","statementMap":{"0":{"start":{"line":7,"column":21},"end":{"line":7,"column":null}},"1":{"start":{"line":10,"column":25},"end":{"line":10,"column":null}},"2":{"start":{"line":11,"column":4},"end":{"line":11,"column":null}},"3":{"start":{"line":11,"column":22},"end":{"line":11,"column":null}},"4":{"start":{"line":13,"column":4},"end":{"line":13,"column":null}},"5":{"start":{"line":14,"column":20},"end":{"line":14,"column":null}},"6":{"start":{"line":16,"column":4},"end":{"line":21,"column":null}},"7":{"start":{"line":25,"column":17},"end":{"line":25,"column":null}},"8":{"start":{"line":26,"column":4},"end":{"line":26,"column":null}},"9":{"start":{"line":26,"column":15},"end":{"line":26,"column":null}},"10":{"start":{"line":28,"column":28},"end":{"line":28,"column":null}},"11":{"start":{"line":29,"column":4},"end":{"line":29,"column":null}},"12":{"start":{"line":29,"column":26},"end":{"line":29,"column":null}},"13":{"start":{"line":31,"column":20},"end":{"line":31,"column":null}},"14":{"start":{"line":32,"column":24},"end":{"line":32,"column":null}},"15":{"start":{"line":33,"column":25},"end":{"line":33,"column":null}},"16":{"start":{"line":35,"column":4},"end":{"line":39,"column":null}}},"fnMap":{"0":{"name":"register","decl":{"start":{"line":9,"column":8},"end":{"line":9,"column":17}},"loc":{"start":{"line":9,"column":39},"end":{"line":22,"column":null}},"line":9},"1":{"name":"login","decl":{"start":{"line":24,"column":8},"end":{"line":24,"column":14}},"loc":{"start":{"line":24,"column":43},"end":{"line":40,"column":null}},"line":24}},"branchMap":{"0":{"loc":{"start":{"line":11,"column":4},"end":{"line":11,"column":null}},"type":"if","locations":[{"start":{"line":11,"column":4},"end":{"line":11,"column":null}},{"start":{},"end":{}}],"line":11},"1":{"loc":{"start":{"line":26,"column":4},"end":{"line":26,"column":null}},"type":"if","locations":[{"start":{"line":26,"column":4},"end":{"line":26,"column":null}},{"start":{},"end":{}}],"line":26},"2":{"loc":{"start":{"line":29,"column":4},"end":{"line":29,"column":null}},"type":"if","locations":[{"start":{"line":29,"column":4},"end":{"line":29,"column":null}},{"start":{},"end":{}}],"line":29}},"s":{"0":2,"1":0,"2":0,"3":0,"4":0,"5":0,"6":0,"7":1,"8":1,"9":1,"10":0,"11":0,"12":0,"13":0,"14":0,"15":0,"16":0},"f":{"0":0,"1":1},"b":{"0":[0,0],"1":[1,0],"2":[0,0]},"meta":{"lastBranch":3,"lastFunction":2,"lastStatement":17,"seen":{"s:7:21:7:Infinity":0,"f:9:8:9:17":0,"s:10:25:10:Infinity":1,"b:11:4:11:Infinity:undefined:undefined:undefined:undefined":0,"s:11:4:11:Infinity":2,"s:11:22:11:Infinity":3,"s:13:4:13:Infinity":4,"s:14:20:14:Infinity":5,"s:16:4:21:Infinity":6,"f:24:8:24:14":1,"s:25:17:25:Infinity":7,"b:26:4:26:Infinity:undefined:undefined:undefined:undefined":1,"s:26:4:26:Infinity":8,"s:26:15:26:Infinity":9,"s:28:28:28:Infinity":10,"b:29:4:29:Infinity:undefined:undefined:undefined:undefined":2,"s:29:4:29:Infinity":11,"s:29:26:29:Infinity":12,"s:31:20:31:Infinity":13,"s:32:24:32:Infinity":14,"s:33:25:33:Infinity":15,"s:35:4:39:Infinity":16},"fnNames":{}}}
,"C:\\Users\\nixon\\Documents\\papeleria-nodejs\\src\\services\\categories.service.ts": {"path":"C:\\Users\\nixon\\Documents\\papeleria-nodejs\\src\\services\\categories.service.ts","statementMap":{"0":{"start":{"line":5,"column":17},"end":{"line":5,"column":null}},"1":{"start":{"line":8,"column":4},"end":{"line":8,"column":null}},"2":{"start":{"line":12,"column":4},"end":{"line":12,"column":null}},"3":{"start":{"line":16,"column":4},"end":{"line":16,"column":null}},"4":{"start":{"line":20,"column":4},"end":{"line":20,"column":null}},"5":{"start":{"line":24,"column":4},"end":{"line":24,"column":null}}},"fnMap":{"0":{"name":"getAll","decl":{"start":{"line":7,"column":2},"end":{"line":7,"column":11}},"loc":{"start":{"line":7,"column":11},"end":{"line":9,"column":null}},"line":7},"1":{"name":"getById","decl":{"start":{"line":11,"column":2},"end":{"line":11,"column":10}},"loc":{"start":{"line":11,"column":22},"end":{"line":13,"column":null}},"line":11},"2":{"name":"create","decl":{"start":{"line":15,"column":2},"end":{"line":15,"column":9}},"loc":{"start":{"line":15,"column":35},"end":{"line":17,"column":null}},"line":15},"3":{"name":"update","decl":{"start":{"line":19,"column":2},"end":{"line":19,"column":9}},"loc":{"start":{"line":19,"column":47},"end":{"line":21,"column":null}},"line":19},"4":{"name":"delete","decl":{"start":{"line":23,"column":2},"end":{"line":23,"column":9}},"loc":{"start":{"line":23,"column":21},"end":{"line":25,"column":null}},"line":23}},"branchMap":{},"s":{"0":2,"1":0,"2":0,"3":0,"4":0,"5":0},"f":{"0":0,"1":0,"2":0,"3":0,"4":0},"b":{},"meta":{"lastBranch":0,"lastFunction":5,"lastStatement":6,"seen":{"s:5:17:5:Infinity":0,"f:7:2:7:11":0,"s:8:4:8:Infinity":1,"f:11:2:11:10":1,"s:12:4:12:Infinity":2,"f:15:2:15:9":2,"s:16:4:16:Infinity":3,"f:19:2:19:9":3,"s:20:4:20:Infinity":4,"f:23:2:23:9":4,"s:24:4:24:Infinity":5},"fnNames":{}}}
,"C:\\Users\\nixon\\Documents\\papeleria-nodejs\\src\\services\\products.service.ts": {"path":"C:\\Users\\nixon\\Documents\\papeleria-nodejs\\src\\services\\products.service.ts","statementMap":{"0":{"start":{"line":6,"column":24},"end":{"line":6,"column":null}},"1":{"start":{"line":7,"column":25},"end":{"line":7,"column":null}},"2":{"start":{"line":10,"column":4},"end":{"line":10,"column":null}},"3":{"start":{"line":14,"column":4},"end":{"line":14,"column":null}},"4":{"start":{"line":18,"column":4},"end":{"line":20,"column":null}},"5":{"start":{"line":19,"column":6},"end":{"line":19,"column":null}},"6":{"start":{"line":21,"column":4},"end":{"line":21,"column":null}},"7":{"start":{"line":25,"column":4},"end":{"line":27,"column":null}},"8":{"start":{"line":26,"column":6},"end":{"line":26,"column":null}},"9":{"start":{"line":28,"column":4},"end":{"line":28,"column":null}},"10":{"start":{"line":32,"column":4},"end":{"line":32,"column":null}}},"fnMap":{"0":{"name":"getAll","decl":{"start":{"line":9,"column":2},"end":{"line":9,"column":9}},"loc":{"start":{"line":9,"column":38},"end":{"line":11,"column":null}},"line":9},"1":{"name":"getById","decl":{"start":{"line":13,"column":2},"end":{"line":13,"column":10}},"loc":{"start":{"line":13,"column":22},"end":{"line":15,"column":null}},"line":13},"2":{"name":"create","decl":{"start":{"line":17,"column":8},"end":{"line":17,"column":15}},"loc":{"start":{"line":17,"column":40},"end":{"line":22,"column":null}},"line":17},"3":{"name":"update","decl":{"start":{"line":24,"column":8},"end":{"line":24,"column":15}},"loc":{"start":{"line":24,"column":52},"end":{"line":29,"column":null}},"line":24},"4":{"name":"delete","decl":{"start":{"line":31,"column":2},"end":{"line":31,"column":9}},"loc":{"start":{"line":31,"column":21},"end":{"line":33,"column":null}},"line":31}},"branchMap":{"0":{"loc":{"start":{"line":18,"column":4},"end":{"line":20,"column":null}},"type":"if","locations":[{"start":{"line":18,"column":4},"end":{"line":20,"column":null}},{"start":{},"end":{}}],"line":18},"1":{"loc":{"start":{"line":25,"column":4},"end":{"line":27,"column":null}},"type":"if","locations":[{"start":{"line":25,"column":4},"end":{"line":27,"column":null}},{"start":{},"end":{}}],"line":25}},"s":{"0":2,"1":2,"2":1,"3":0,"4":0,"5":0,"6":0,"7":0,"8":0,"9":0,"10":0},"f":{"0":1,"1":0,"2":0,"3":0,"4":0},"b":{"0":[0,0],"1":[0,0]},"meta":{"lastBranch":2,"lastFunction":5,"lastStatement":11,"seen":{"s:6:24:6:Infinity":0,"s:7:25:7:Infinity":1,"f:9:2:9:9":0,"s:10:4:10:Infinity":2,"f:13:2:13:10":1,"s:14:4:14:Infinity":3,"f:17:8:17:15":2,"b:18:4:20:Infinity:undefined:undefined:undefined:undefined":0,"s:18:4:20:Infinity":4,"s:19:6:19:Infinity":5,"s:21:4:21:Infinity":6,"f:24:8:24:15":3,"b:25:4:27:Infinity:undefined:undefined:undefined:undefined":1,"s:25:4:27:Infinity":7,"s:26:6:26:Infinity":8,"s:28:4:28:Infinity":9,"f:31:2:31:9":4,"s:32:4:32:Infinity":10},"fnNames":{}}}
,"C:\\Users\\nixon\\Documents\\papeleria-nodejs\\src\\utils\\jwt.ts": {"path":"C:\\Users\\nixon\\Documents\\papeleria-nodejs\\src\\utils\\jwt.ts","statementMap":{"0":{"start":{"line":4,"column":19},"end":{"line":4,"column":null}},"1":{"start":{"line":5,"column":27},"end":{"line":5,"column":null}},"2":{"start":{"line":7,"column":28},"end":{"line":10,"column":null}},"3":{"start":{"line":8,"column":15},"end":{"line":8,"column":null}},"4":{"start":{"line":9,"column":2},"end":{"line":9,"column":null}},"5":{"start":{"line":12,"column":31},"end":{"line":14,"column":null}},"6":{"start":{"line":13,"column":2},"end":{"line":13,"column":null}},"7":{"start":{"line":16,"column":13},"end":{"line":18,"column":null}},"8":{"start":{"line":17,"column":2},"end":{"line":17,"column":null}},"9":{"start":{"line":20,"column":13},"end":{"line":22,"column":null}},"10":{"start":{"line":21,"column":2},"end":{"line":21,"column":null}},"11":{"start":{"line":24,"column":13},"end":{"line":26,"column":null}},"12":{"start":{"line":25,"column":2},"end":{"line":25,"column":null}}},"fnMap":{"0":{"name":"(anonymous_0)","decl":{"start":{"line":7,"column":28},"end":{"line":7,"column":35}},"loc":{"start":{"line":7,"column":73},"end":{"line":10,"column":null}},"line":7},"1":{"name":"(anonymous_1)","decl":{"start":{"line":12,"column":31},"end":{"line":12,"column":38}},"loc":{"start":{"line":12,"column":91},"end":{"line":14,"column":null}},"line":12},"2":{"name":"(anonymous_2)","decl":{"start":{"line":16,"column":13},"end":{"line":16,"column":36}},"loc":{"start":{"line":16,"column":86},"end":{"line":18,"column":null}},"line":16},"3":{"name":"(anonymous_3)","decl":{"start":{"line":20,"column":13},"end":{"line":20,"column":37}},"loc":{"start":{"line":20,"column":87},"end":{"line":22,"column":null}},"line":20},"4":{"name":"(anonymous_4)","decl":{"start":{"line":24,"column":13},"end":{"line":24,"column":34}},"loc":{"start":{"line":24,"column":52},"end":{"line":26,"column":null}},"line":24}},"branchMap":{"0":{"loc":{"start":{"line":4,"column":19},"end":{"line":4,"column":null}},"type":"binary-expr","locations":[{"start":{"line":4,"column":19},"end":{"line":4,"column":45}},{"start":{"line":4,"column":45},"end":{"line":4,"column":null}}],"line":4},"1":{"loc":{"start":{"line":5,"column":27},"end":{"line":5,"column":null}},"type":"binary-expr","locations":[{"start":{"line":5,"column":27},"end":{"line":5,"column":61}},{"start":{"line":5,"column":61},"end":{"line":5,"column":null}}],"line":5}},"s":{"0":3,"1":3,"2":3,"3":2,"4":2,"5":3,"6":2,"7":3,"8":1,"9":3,"10":0,"11":3,"12":0},"f":{"0":2,"1":2,"2":1,"3":0,"4":0},"b":{"0":[3,1],"1":[3,1]},"meta":{"lastBranch":2,"lastFunction":5,"lastStatement":13,"seen":{"s:4:19:4:Infinity":0,"b:4:19:4:45:4:45:4:Infinity":0,"s:5:27:5:Infinity":1,"b:5:27:5:61:5:61:5:Infinity":1,"s:7:28:10:Infinity":2,"f:7:28:7:35":0,"s:8:15:8:Infinity":3,"s:9:2:9:Infinity":4,"s:12:31:14:Infinity":5,"f:12:31:12:38":1,"s:13:2:13:Infinity":6,"s:16:13:18:Infinity":7,"f:16:13:16:36":2,"s:17:2:17:Infinity":8,"s:20:13:22:Infinity":9,"f:20:13:20:37":3,"s:21:2:21:Infinity":10,"s:24:13:26:Infinity":11,"f:24:13:24:34":4,"s:25:2:25:Infinity":12},"fnNames":{}}}
}
